<?xml version="1.0" encoding="UTF-8"?>
<!-- Generated by org.testng.reporters.JUnitReportReporter -->
<testsuite skipped="0" hostname="Avengers" name="Gmail_test.Gmail_TestCases" tests="1" failures="0" timestamp="5 Nov 2022 03:30:49 GMT" time="15.623" errors="0">
  <testcase name="lanchmail" time="15.623" classname="Gmail_test.Gmail_TestCases"/>
</testsuite> <!-- Gmail_test.Gmail_TestCases -->
