<?xml version="1.0" encoding="UTF-8"?>
<!-- Generated by org.testng.reporters.JUnitReportReporter -->
<testsuite skipped="0" hostname="Avengers" name="primusbank.testCase" tests="1" failures="0" timestamp="3 Nov 2022 15:08:47 GMT" time="11.728" errors="0">
  <testcase name="test1" time="11.728" classname="primusbank.testCase"/>
</testsuite> <!-- primusbank.testCase -->
