<?xml version="1.0" encoding="UTF-8"?>
<!-- Generated by org.testng.reporters.JUnitReportReporter -->
<testsuite skipped="0" hostname="Avengers" name="demosNG.NG_Annaotations_Demo" tests="2" failures="0" timestamp="3 Nov 2022 13:46:30 GMT" time="0.006" errors="0">
  <testcase name="Test1" time="0.004" classname="demosNG.NG_Annaotations_Demo"/>
  <testcase name="Test2" time="0.002" classname="demosNG.NG_Annaotations_Demo"/>
</testsuite> <!-- demosNG.NG_Annaotations_Demo -->
